<?xml version="1.0" encoding="UTF-8"?>
<!-- Generated by org.testng.reporters.JUnitReportReporter -->
<testsuite hostname="EXPLPT503" failures="0" tests="2" name="parameterization.TestParametersFromXML" time="0.005" errors="0" timestamp="2023-05-24T13:26:52 IST" skipped="0">
  <testcase classname="parameterization.TestParametersFromXML" name="getBrowser" time="0.000"/>
  <system-out/>
  <testcase classname="parameterization.TestParametersFromXML" name="getBrowser" time="0.005"/>
  <system-out/>
</testsuite> <!-- parameterization.TestParametersFromXML -->
