<?xml version="1.0" encoding="UTF-8"?>
<!-- Generated by org.testng.reporters.JUnitReportReporter -->
<testsuite hostname="EXPLPT503" failures="0" tests="1" name="testcases.TestSkip" time="0.008" errors="0" timestamp="2023-05-22T16:24:39 IST" skipped="1">
  <testcase classname="testcases.TestSkip" name="isSkip" time="0.008">
    <skipped/>
  </testcase> <!-- isSkip -->
  <system-out/>
</testsuite> <!-- testcases.TestSkip -->
