<?xml version="1.0" encoding="UTF-8"?>
<!-- Generated by org.testng.reporters.JUnitReportReporter -->
<testsuite hostname="EXPLPT503" failures="0" tests="2" name="paralleltest.TestBrowser" time="4.036" errors="0" timestamp="2023-05-24T13:42:12 IST" skipped="0">
  <testcase classname="paralleltest.TestBrowser" name="doLogin" time="2.018"/>
  <system-out/>
  <testcase classname="paralleltest.TestBrowser" name="doLogin" time="2.018"/>
  <system-out/>
</testsuite> <!-- paralleltest.TestBrowser -->
