<?xml version="1.0" encoding="UTF-8"?>
<!-- Generated by org.testng.reporters.JUnitReportReporter -->
<testsuite hostname="EXPLPT503" failures="0" tests="2" name="paralleltest.TestParallelDP$TestBrowser" time="4.044" errors="0" timestamp="2023-05-24T14:45:15 IST" skipped="0">
  <testcase classname="paralleltest.TestParallelDP$TestBrowser" name="doLogin" time="2.022"/>
  <system-out/>
  <testcase classname="paralleltest.TestParallelDP$TestBrowser" name="doLogin" time="2.022"/>
  <system-out/>
</testsuite> <!-- paralleltest.TestParallelDP$TestBrowser -->
