<?xml version="1.0" encoding="UTF-8"?>
<!-- Generated by org.testng.reporters.JUnitReportReporter -->
<testsuite hostname="EXPLPT503" failures="0" tests="3" name="parameterization.TestParameterization" time="0.006" errors="0" timestamp="2023-05-22T22:12:39 IST" skipped="0">
  <testcase classname="parameterization.TestParameterization" name="doLogin" time="0.001"/>
  <system-out/>
  <testcase classname="parameterization.TestParameterization" name="doLogin" time="0.001"/>
  <system-out/>
  <testcase classname="parameterization.TestParameterization" name="doLogin" time="0.004"/>
  <system-out/>
</testsuite> <!-- parameterization.TestParameterization -->
